8/16/2023, 3:21:17 PM [INFO]: App is running on port 8080
8/16/2023, 3:21:17 PM [INFO]: Connected to MQTT broker
8/16/2023, 3:21:22 PM [INFO]: Database connected
8/16/2023, 3:21:22 PM [INFO]: Database connected
8/16/2023, 3:21:22 PM [INFO]: Vehicle not found.
8/16/2023, 3:21:22 PM [INFO]: No vehicle found for the provide device ID : DMS_TABLE_TOP2. Tripdata not stored.
8/16/2023, 3:21:32 PM [INFO]: Database connected
8/16/2023, 3:21:32 PM [INFO]: Vehicle not found.
8/16/2023, 3:21:32 PM [INFO]: No vehicle found for the provide device ID : DMS_TABLE_TOP2. Tripdata not stored.
8/16/2023, 3:21:41 PM [INFO]: Database connected
8/16/2023, 3:21:41 PM [INFO]: Vehicle not found.
8/16/2023, 3:21:41 PM [INFO]: No vehicle found for the provide device ID : DMS_TABLE_TOP2. Tripdata not stored.
8/16/2023, 3:21:52 PM [INFO]: Database connected
8/16/2023, 3:21:52 PM [INFO]: Vehicle not found.
8/16/2023, 3:21:52 PM [INFO]: No vehicle found for the provide device ID : DMS_TABLE_TOP2. Tripdata not stored.
8/16/2023, 3:21:57 PM [INFO]: App is running on port 8080
8/16/2023, 3:21:57 PM [INFO]: Connected to MQTT broker
8/16/2023, 3:22:04 PM [INFO]: Database connected
8/16/2023, 3:22:04 PM [INFO]: Database connected
8/16/2023, 3:22:04 PM [INFO]: Vehicle not found.
8/16/2023, 3:22:04 PM [INFO]: No vehicle found for the provide device ID : DMS_TABLE_TOP2. Tripdata not stored.
8/16/2023, 3:22:07 PM [INFO]: App is running on port 8080
8/16/2023, 3:22:07 PM [INFO]: Connected to MQTT broker
8/16/2023, 3:22:12 PM [INFO]: Database connected
8/16/2023, 3:22:12 PM [INFO]: Database connected
8/16/2023, 3:22:12 PM [INFO]: Vehicle not found.
8/16/2023, 3:22:12 PM [INFO]: No vehicle found for the provide device ID : DMS_TABLE_TOP2. Tripdata not stored.
8/16/2023, 3:22:24 PM [INFO]: Database connected
8/16/2023, 3:22:24 PM [INFO]: Vehicle not found.
8/16/2023, 3:22:24 PM [INFO]: No vehicle found for the provide device ID : DMS_TABLE_TOP2. Tripdata not stored.
8/16/2023, 3:22:32 PM [INFO]: Database connected
8/16/2023, 3:22:32 PM [INFO]: Vehicle not found.
8/16/2023, 3:22:32 PM [INFO]: No vehicle found for the provide device ID : DMS_TABLE_TOP2. Tripdata not stored.
8/16/2023, 3:22:42 PM [INFO]: Database connected
8/16/2023, 3:22:42 PM [INFO]: Vehicle not found.
8/16/2023, 3:22:42 PM [INFO]: No vehicle found for the provide device ID : DMS_TABLE_TOP2. Tripdata not stored.
8/16/2023, 3:22:52 PM [INFO]: Database connected
8/16/2023, 3:22:52 PM [INFO]: Vehicle not found.
8/16/2023, 3:22:52 PM [INFO]: No vehicle found for the provide device ID : DMS_TABLE_TOP2. Tripdata not stored.
8/16/2023, 3:23:03 PM [INFO]: Database connected
8/16/2023, 3:23:03 PM [INFO]: Vehicle not found.
8/16/2023, 3:23:03 PM [INFO]: No vehicle found for the provide device ID : DMS_TABLE_TOP2. Tripdata not stored.
8/16/2023, 3:23:14 PM [INFO]: Database connected
8/16/2023, 3:23:14 PM [INFO]: Vehicle not found.
8/16/2023, 3:23:14 PM [INFO]: No vehicle found for the provide device ID : DMS_TABLE_TOP2. Tripdata not stored.
8/16/2023, 3:23:30 PM [INFO]: Database connected
8/16/2023, 3:23:30 PM [INFO]: Vehicle not found.
8/16/2023, 3:23:30 PM [INFO]: No vehicle found for the provide device ID : DMS_TABLE_TOP2. Tripdata not stored.
8/16/2023, 3:23:41 PM [INFO]: Database connected
8/16/2023, 3:23:41 PM [INFO]: Vehicle not found.
8/16/2023, 3:23:41 PM [INFO]: No vehicle found for the provide device ID : DMS_TABLE_TOP2. Tripdata not stored.
8/16/2023, 3:31:03 PM [INFO]: App is running on port 8080
8/16/2023, 3:31:03 PM [INFO]: Connected to MQTT broker
8/16/2023, 3:33:08 PM [INFO]: App is running on port 8080
8/16/2023, 3:33:09 PM [INFO]: Connected to MQTT broker
8/16/2023, 3:34:04 PM [INFO]: App is running on port 8080
8/16/2023, 3:34:04 PM [INFO]: Connected to MQTT broker
8/16/2023, 3:34:42 PM [INFO]: App is running on port 8080
8/16/2023, 3:34:42 PM [INFO]: Connected to MQTT broker
8/16/2023, 3:36:34 PM [INFO]: App is running on port 8080
8/16/2023, 3:36:34 PM [INFO]: Connected to MQTT broker
8/16/2023, 3:37:35 PM [INFO]: App is running on port 8080
8/16/2023, 3:37:35 PM [INFO]: Connected to MQTT broker
8/16/2023, 3:37:39 PM [ERROR]: Error in fetching data pool is not defined
8/16/2023, 3:39:42 PM [ERROR]: Error in fetching data pool is not defined
8/16/2023, 3:40:33 PM [ERROR]: Error in fetching data pool is not defined
8/16/2023, 3:40:50 PM [ERROR]: Error in fetching data pool is not defined
8/16/2023, 4:27:54 PM [INFO]: Connected to MQTT broker
8/16/2023, 4:28:18 PM [INFO]: Database connected
8/16/2023, 4:28:18 PM [INFO]: Database connected
8/16/2023, 4:28:18 PM [INFO]: Database connected
8/16/2023, 4:28:18 PM [INFO]: Database connected
8/16/2023, 4:28:18 PM [INFO]: Successfully received vehicle details.
8/16/2023, 4:28:18 PM [INFO]: Database connected
8/16/2023, 4:28:18 PM [INFO]: Database connected
8/16/2023, 4:28:18 PM [INFO]: Ongoing trip found. Trip will continue
8/16/2023, 4:28:18 PM [INFO]: Successfully received vehicle details.
8/16/2023, 4:28:18 PM [INFO]: Successfully received vehicle details.
8/16/2023, 4:28:18 PM [INFO]: Ongoing trip found. Trip will continue
8/16/2023, 4:28:18 PM [INFO]: Ongoing trip found. Trip will continue
8/16/2023, 4:28:18 PM [INFO]: Stored Tripdata in the database
8/16/2023, 4:28:18 PM [INFO]: Stored Tripdata in the database
8/16/2023, 4:28:18 PM [INFO]: Stored Tripdata in the database
8/16/2023, 4:28:27 PM [INFO]: Successfully received vehicle details.
8/16/2023, 4:28:27 PM [INFO]: Ongoing trip found. Trip will continue
8/16/2023, 4:28:27 PM [INFO]: Successfully received vehicle details.
8/16/2023, 4:28:27 PM [INFO]: Successfully received vehicle details.
8/16/2023, 4:28:27 PM [INFO]: Ongoing trip found. Trip will continue
8/16/2023, 4:28:27 PM [INFO]: Ongoing trip found. Trip will continue
8/16/2023, 4:28:27 PM [INFO]: Stored Tripdata in the database
8/16/2023, 4:28:27 PM [INFO]: Stored Tripdata in the database
8/16/2023, 4:28:27 PM [INFO]: Stored Tripdata in the database
8/16/2023, 4:28:32 PM [INFO]: Successfully received vehicle details.
8/16/2023, 4:28:32 PM [INFO]: Ongoing trip found. Trip will continue
8/16/2023, 4:28:32 PM [INFO]: Stored Tripdata in the database
8/16/2023, 4:28:32 PM [INFO]: Successfully received vehicle details.
8/16/2023, 4:28:32 PM [INFO]: Successfully received vehicle details.
8/16/2023, 4:28:32 PM [INFO]: Ongoing trip found. Trip will continue
8/16/2023, 4:28:32 PM [INFO]: Ongoing trip found. Trip will continue
8/16/2023, 4:28:32 PM [INFO]: Stored Tripdata in the database
8/16/2023, 4:28:32 PM [INFO]: Stored Tripdata in the database
8/16/2023, 4:28:33 PM [INFO]: Successfully received vehicle details.
8/16/2023, 4:28:33 PM [INFO]: Ongoing trip found. Trip will continue
8/16/2023, 4:28:33 PM [INFO]: Successfully received vehicle details.
8/16/2023, 4:28:33 PM [INFO]: Successfully received vehicle details.
8/16/2023, 4:28:33 PM [INFO]: Ongoing trip found. Trip will continue
8/16/2023, 4:28:33 PM [INFO]: Stored Tripdata in the database
8/16/2023, 4:28:34 PM [INFO]: Ongoing trip found. Trip will continue
8/16/2023, 4:28:34 PM [INFO]: Stored Tripdata in the database
8/16/2023, 4:28:34 PM [INFO]: Stored Tripdata in the database
8/16/2023, 4:28:39 PM [INFO]: Successfully received vehicle details.
8/16/2023, 4:28:39 PM [INFO]: Successfully received vehicle details.
8/16/2023, 4:28:39 PM [INFO]: Database connected
8/16/2023, 4:28:39 PM [INFO]: Database connected
8/16/2023, 4:28:39 PM [INFO]: Ongoing trip found. Trip will continue
8/16/2023, 4:28:39 PM [INFO]: Successfully received vehicle details.
8/16/2023, 4:28:39 PM [INFO]: Successfully received vehicle details.
8/16/2023, 4:28:39 PM [INFO]: Ongoing trip found. Trip will continue
8/16/2023, 4:28:39 PM [INFO]: Ongoing trip found. Trip will continue
8/16/2023, 4:28:39 PM [INFO]: Ongoing trip found. Trip will continue
8/16/2023, 4:28:39 PM [INFO]: Successfully received vehicle details.
8/16/2023, 4:28:39 PM [INFO]: Ongoing trip found. Trip will continue
8/16/2023, 4:28:39 PM [INFO]: Stored Tripdata in the database
8/16/2023, 4:28:39 PM [INFO]: Stored Tripdata in the database
8/16/2023, 4:28:39 PM [INFO]: Stored Tripdata in the database
8/16/2023, 4:28:39 PM [INFO]: Stored Tripdata in the database
8/16/2023, 4:28:39 PM [INFO]: Stored Tripdata in the database
8/16/2023, 4:28:44 PM [INFO]: Successfully received vehicle details.
8/16/2023, 4:28:44 PM [INFO]: Ongoing trip found. Trip will continue
8/16/2023, 4:28:44 PM [INFO]: Successfully received vehicle details.
8/16/2023, 4:28:44 PM [INFO]: Stored Tripdata in the database
8/16/2023, 4:28:44 PM [INFO]: Ongoing trip found. Trip will continue
8/16/2023, 4:28:44 PM [INFO]: Stored Tripdata in the database
8/16/2023, 4:28:46 PM [INFO]: Successfully received vehicle details.
8/16/2023, 4:28:46 PM [INFO]: Ongoing trip found. Trip will continue
8/16/2023, 4:28:46 PM [INFO]: Stored Tripdata in the database
8/16/2023, 4:28:48 PM [INFO]: Successfully received vehicle details.
8/16/2023, 4:28:48 PM [INFO]: Ongoing trip found. Trip will continue
8/16/2023, 4:28:48 PM [INFO]: Stored Tripdata in the database
8/16/2023, 4:28:54 PM [INFO]: Successfully received vehicle details.
8/16/2023, 4:28:54 PM [INFO]: Ongoing trip found. Trip will continue
8/16/2023, 4:28:54 PM [INFO]: Stored Tripdata in the database
8/16/2023, 4:28:57 PM [INFO]: Successfully received vehicle details.
8/16/2023, 4:28:57 PM [INFO]: Ongoing trip found. Trip will continue
8/16/2023, 4:28:57 PM [INFO]: Stored Tripdata in the database
8/16/2023, 4:29:17 PM [INFO]: Successfully received vehicle details.
8/16/2023, 4:29:17 PM [INFO]: Ongoing trip found. Trip will continue
8/16/2023, 4:29:17 PM [INFO]: Stored Tripdata in the database
8/16/2023, 4:30:11 PM [INFO]: Database connected
8/16/2023, 4:30:11 PM [INFO]: Database connected
8/16/2023, 4:30:11 PM [INFO]: Successfully received vehicle details.
8/16/2023, 4:30:11 PM [INFO]: Successfully received vehicle details.
8/16/2023, 4:30:11 PM [INFO]: Successfully received vehicle details.
8/16/2023, 4:30:11 PM [INFO]: Successfully received vehicle details.
8/16/2023, 4:30:11 PM [INFO]: Successfully received vehicle details.
8/16/2023, 4:30:11 PM [INFO]: Successfully received vehicle details.
8/16/2023, 4:30:11 PM [INFO]: Successfully received vehicle details.
8/16/2023, 4:30:11 PM [INFO]: Successfully received vehicle details.
8/16/2023, 4:30:11 PM [INFO]: Ongoing trip found. Trip will continue
8/16/2023, 4:30:11 PM [INFO]: Ongoing trip found. Trip will continue
8/16/2023, 4:30:11 PM [INFO]: Ongoing trip found. Trip will continue
8/16/2023, 4:30:11 PM [INFO]: Ongoing trip found. Trip will continue
8/16/2023, 4:30:11 PM [INFO]: Ongoing trip found. Trip will continue
8/16/2023, 4:30:11 PM [INFO]: Ongoing trip found. Trip will continue
8/16/2023, 4:30:11 PM [INFO]: Ongoing trip found. Trip will continue
8/16/2023, 4:30:11 PM [INFO]: Ongoing trip found. Trip will continue
8/16/2023, 4:30:11 PM [INFO]: Successfully received vehicle details.
8/16/2023, 4:30:11 PM [INFO]: Ongoing trip found. Trip will continue
8/16/2023, 4:30:11 PM [INFO]: Stored Tripdata in the database
8/16/2023, 4:30:11 PM [INFO]: Stored Tripdata in the database
8/16/2023, 4:30:11 PM [INFO]: Stored Tripdata in the database
8/16/2023, 4:30:11 PM [INFO]: Stored Tripdata in the database
8/16/2023, 4:30:11 PM [INFO]: Stored Tripdata in the database
8/16/2023, 4:30:11 PM [INFO]: Stored Tripdata in the database
8/16/2023, 4:30:11 PM [INFO]: Stored Tripdata in the database
8/16/2023, 4:30:11 PM [INFO]: Stored Tripdata in the database
8/16/2023, 4:30:11 PM [INFO]: Stored Tripdata in the database
8/16/2023, 4:30:18 PM [INFO]: Successfully received vehicle details.
8/16/2023, 4:30:18 PM [INFO]: Ongoing trip found. Trip will continue
8/16/2023, 4:30:18 PM [INFO]: Successfully received vehicle details.
8/16/2023, 4:30:18 PM [INFO]: Successfully received vehicle details.
8/16/2023, 4:30:18 PM [INFO]: Successfully received vehicle details.
8/16/2023, 4:30:18 PM [INFO]: Ongoing trip found. Trip will continue
8/16/2023, 4:30:18 PM [INFO]: Stored Tripdata in the database
8/16/2023, 4:30:18 PM [INFO]: Ongoing trip found. Trip will continue
8/16/2023, 4:30:18 PM [INFO]: Ongoing trip found. Trip will continue
8/16/2023, 4:30:18 PM [INFO]: Stored Tripdata in the database
8/16/2023, 4:30:18 PM [INFO]: Stored Tripdata in the database
8/16/2023, 4:30:18 PM [INFO]: Stored Tripdata in the database
8/16/2023, 4:30:37 PM [INFO]: Successfully received vehicle details.
8/16/2023, 4:30:37 PM [INFO]: Ongoing trip found. Trip will continue
8/16/2023, 4:30:37 PM [INFO]: Successfully received vehicle details.
8/16/2023, 4:30:37 PM [INFO]: Ongoing trip found. Trip will continue
8/16/2023, 4:30:37 PM [INFO]: Stored Tripdata in the database
8/16/2023, 4:30:37 PM [INFO]: Stored Tripdata in the database
8/16/2023, 4:30:40 PM [INFO]: Successfully received vehicle details.
8/16/2023, 4:30:40 PM [INFO]: Ongoing trip found. Trip will continue
8/16/2023, 4:30:40 PM [INFO]: Stored Tripdata in the database
8/16/2023, 4:30:40 PM [INFO]: Successfully received vehicle details.
8/16/2023, 4:30:40 PM [INFO]: Successfully received vehicle details.
8/16/2023, 4:30:40 PM [INFO]: Ongoing trip found. Trip will continue
8/16/2023, 4:30:40 PM [INFO]: Ongoing trip found. Trip will continue
8/16/2023, 4:30:40 PM [INFO]: Stored Tripdata in the database
8/16/2023, 4:30:40 PM [INFO]: Stored Tripdata in the database
8/16/2023, 4:30:40 PM [INFO]: Successfully received vehicle details.
8/16/2023, 4:30:40 PM [INFO]: Ongoing trip found. Trip will continue
8/16/2023, 4:30:40 PM [INFO]: Stored Tripdata in the database
8/16/2023, 4:30:44 PM [INFO]: Successfully received vehicle details.
8/16/2023, 4:30:44 PM [INFO]: Ongoing trip found. Trip will continue
8/16/2023, 4:30:44 PM [INFO]: Stored Tripdata in the database
8/16/2023, 4:30:49 PM [INFO]: Successfully received vehicle details.
8/16/2023, 4:30:49 PM [INFO]: Ongoing trip found. Trip will continue
8/16/2023, 4:30:49 PM [INFO]: Stored Tripdata in the database
8/16/2023, 4:31:01 PM [INFO]: Successfully received vehicle details.
8/16/2023, 4:31:01 PM [INFO]: Ongoing trip found. Trip will continue
8/16/2023, 4:31:01 PM [INFO]: Stored Tripdata in the database
8/16/2023, 4:31:22 PM [ERROR]: Error in fetching data pool is not defined
8/16/2023, 4:31:36 PM [INFO]: Successfully received vehicle details.
8/16/2023, 4:31:36 PM [INFO]: Ongoing trip found. Trip will continue
8/16/2023, 4:31:36 PM [INFO]: Stored Tripdata in the database
8/16/2023, 4:32:02 PM [ERROR]: Error in fetching data pool is not defined
8/16/2023, 4:32:31 PM [INFO]: Successfully received vehicle details.
8/16/2023, 4:32:31 PM [INFO]: Ongoing trip found. Trip will continue
8/16/2023, 4:32:31 PM [INFO]: Stored Tripdata in the database
8/16/2023, 4:32:31 PM [INFO]: Successfully received vehicle details.
8/16/2023, 4:32:31 PM [INFO]: Successfully received vehicle details.
8/16/2023, 4:32:31 PM [INFO]: Ongoing trip found. Trip will continue
8/16/2023, 4:32:31 PM [INFO]: Ongoing trip found. Trip will continue
8/16/2023, 4:32:31 PM [INFO]: Stored Tripdata in the database
8/16/2023, 4:32:31 PM [INFO]: Stored Tripdata in the database
8/16/2023, 4:32:37 PM [INFO]: Successfully received vehicle details.
8/16/2023, 4:32:37 PM [INFO]: Ongoing trip found. Trip will continue
8/16/2023, 4:32:37 PM [INFO]: Successfully received vehicle details.
8/16/2023, 4:32:37 PM [INFO]: Successfully received vehicle details.
8/16/2023, 4:32:37 PM [INFO]: Ongoing trip found. Trip will continue
8/16/2023, 4:32:37 PM [INFO]: Ongoing trip found. Trip will continue
8/16/2023, 4:32:37 PM [INFO]: Stored Tripdata in the database
8/16/2023, 4:32:37 PM [INFO]: Stored Tripdata in the database
8/16/2023, 4:32:37 PM [INFO]: Stored Tripdata in the database
8/16/2023, 4:32:43 PM [INFO]: App is running on port 8080
8/16/2023, 4:32:43 PM [INFO]: Connected to MQTT broker
8/16/2023, 4:32:52 PM [INFO]: Database connected
8/16/2023, 4:34:22 PM [INFO]: Database connected
8/16/2023, 4:34:22 PM [INFO]: Successfully received vehicle details.
8/16/2023, 4:34:22 PM [INFO]: Ongoing trip found. Trip will continue
8/16/2023, 4:34:22 PM [INFO]: Stored Tripdata in the database
8/16/2023, 4:34:26 PM [INFO]: Successfully received vehicle details.
8/16/2023, 4:34:26 PM [INFO]: Ongoing trip found. Trip will continue
8/16/2023, 4:34:26 PM [INFO]: Stored Tripdata in the database
8/16/2023, 4:34:26 PM [INFO]: Database connected
8/16/2023, 4:34:26 PM [INFO]: Database connected
8/16/2023, 4:34:26 PM [INFO]: Successfully received vehicle details.
8/16/2023, 4:34:26 PM [INFO]: Successfully received vehicle details.
8/16/2023, 4:34:26 PM [INFO]: Ongoing trip found. Trip will continue
8/16/2023, 4:34:26 PM [INFO]: Ongoing trip found. Trip will continue
8/16/2023, 4:34:26 PM [INFO]: Stored Tripdata in the database
8/16/2023, 4:34:26 PM [INFO]: Stored Tripdata in the database
8/16/2023, 4:34:28 PM [INFO]: Successfully received vehicle details.
8/16/2023, 4:34:28 PM [INFO]: Ongoing trip found. Trip will continue
8/16/2023, 4:34:28 PM [INFO]: Database connected
8/16/2023, 4:34:28 PM [INFO]: Database connected
8/16/2023, 4:34:28 PM [INFO]: Stored Tripdata in the database
8/16/2023, 4:34:28 PM [INFO]: Successfully received vehicle details.
8/16/2023, 4:34:28 PM [INFO]: Successfully received vehicle details.
8/16/2023, 4:34:28 PM [INFO]: Database connected
8/16/2023, 4:34:28 PM [INFO]: Ongoing trip found. Trip will continue
8/16/2023, 4:34:28 PM [INFO]: Ongoing trip found. Trip will continue
8/16/2023, 4:34:28 PM [INFO]: Successfully received vehicle details.
8/16/2023, 4:34:28 PM [INFO]: Stored Tripdata in the database
8/16/2023, 4:34:28 PM [INFO]: Stored Tripdata in the database
8/16/2023, 4:34:28 PM [INFO]: Ongoing trip found. Trip will continue
8/16/2023, 4:34:28 PM [INFO]: Stored Tripdata in the database
8/16/2023, 4:34:31 PM [INFO]: Database connected
8/16/2023, 4:34:31 PM [INFO]: Database connected
8/16/2023, 4:34:31 PM [INFO]: Database connected
8/16/2023, 4:34:31 PM [INFO]: Successfully received vehicle details.
8/16/2023, 4:34:31 PM [INFO]: Successfully received vehicle details.
8/16/2023, 4:34:31 PM [INFO]: Successfully received vehicle details.
8/16/2023, 4:34:31 PM [INFO]: Successfully received vehicle details.
8/16/2023, 4:34:31 PM [INFO]: Successfully received vehicle details.
8/16/2023, 4:34:31 PM [INFO]: Successfully received vehicle details.
8/16/2023, 4:34:31 PM [INFO]: Successfully received vehicle details.
8/16/2023, 4:40:50 PM [INFO]: App is running on port 8080
8/16/2023, 4:40:50 PM [INFO]: Connected to MQTT broker
8/16/2023, 4:40:54 PM [INFO]: Database connected
8/16/2023, 4:40:54 PM [INFO]: Database connected
8/16/2023, 4:40:54 PM [INFO]: Successfully received vehicle details.
8/16/2023, 4:40:54 PM [INFO]: Ongoing trip found. Trip will continue
8/16/2023, 4:40:54 PM [INFO]: Stored Tripdata in the database
8/16/2023, 4:40:58 PM [INFO]: Successfully received vehicle details.
8/16/2023, 4:40:58 PM [INFO]: Ongoing trip found. Trip will continue
8/16/2023, 4:40:58 PM [INFO]: Database connected
8/16/2023, 4:40:58 PM [INFO]: Stored Tripdata in the database
8/16/2023, 4:40:58 PM [INFO]: Successfully received vehicle details.
8/16/2023, 4:40:58 PM [INFO]: Ongoing trip found. Trip will continue
8/16/2023, 4:40:58 PM [INFO]: Stored Tripdata in the database
8/16/2023, 4:41:00 PM [INFO]: Successfully received vehicle details.
8/16/2023, 4:41:00 PM [INFO]: Ongoing trip found. Trip will continue
8/16/2023, 4:41:00 PM [INFO]: Stored Tripdata in the database
8/16/2023, 4:41:06 PM [INFO]: Successfully received vehicle details.
8/16/2023, 4:41:06 PM [INFO]: Ongoing trip found. Trip will continue
8/16/2023, 4:41:06 PM [INFO]: Stored Tripdata in the database
8/16/2023, 4:41:10 PM [INFO]: Successfully received vehicle details.
8/16/2023, 4:41:10 PM [INFO]: Ongoing trip found. Trip will continue
8/16/2023, 4:41:10 PM [INFO]: Stored Tripdata in the database
8/16/2023, 4:41:17 PM [INFO]: Successfully received vehicle details.
8/16/2023, 4:41:17 PM [INFO]: Ongoing trip found. Trip will continue
8/16/2023, 4:41:17 PM [INFO]: Stored Tripdata in the database
8/16/2023, 4:41:20 PM [INFO]: Successfully received vehicle details.
8/16/2023, 4:41:20 PM [INFO]: Ongoing trip found. Trip will continue
8/16/2023, 4:41:20 PM [INFO]: Stored Tripdata in the database
8/16/2023, 4:41:28 PM [INFO]: Successfully received vehicle details.
8/16/2023, 4:41:28 PM [INFO]: Ongoing trip found. Trip will continue
8/16/2023, 4:41:28 PM [INFO]: Stored Tripdata in the database
8/16/2023, 4:41:30 PM [INFO]: Successfully received vehicle details.
8/16/2023, 4:41:30 PM [INFO]: Ongoing trip found. Trip will continue
8/16/2023, 4:41:30 PM [INFO]: Stored Tripdata in the database
8/16/2023, 4:41:38 PM [INFO]: Successfully received vehicle details.
8/16/2023, 4:41:38 PM [INFO]: Ongoing trip found. Trip will continue
8/16/2023, 4:41:38 PM [INFO]: Stored Tripdata in the database
8/16/2023, 4:41:40 PM [INFO]: Successfully received vehicle details.
8/16/2023, 4:41:40 PM [INFO]: Ongoing trip found. Trip will continue
8/16/2023, 4:41:40 PM [INFO]: Stored Tripdata in the database
8/16/2023, 4:41:46 PM [INFO]: Successfully received vehicle details.
8/16/2023, 4:41:46 PM [INFO]: Ongoing trip found. Trip will continue
8/16/2023, 4:41:46 PM [INFO]: Stored Tripdata in the database
8/16/2023, 4:41:49 PM [INFO]: Successfully received vehicle details.
8/16/2023, 4:41:49 PM [INFO]: Ongoing trip found. Trip will continue
8/16/2023, 4:41:49 PM [INFO]: Stored Tripdata in the database
8/16/2023, 4:41:56 PM [INFO]: Successfully received vehicle details.
8/16/2023, 4:41:56 PM [INFO]: Ongoing trip found. Trip will continue
8/16/2023, 4:41:56 PM [INFO]: Stored Tripdata in the database
8/16/2023, 4:42:01 PM [INFO]: Successfully received vehicle details.
8/16/2023, 4:42:01 PM [INFO]: Ongoing trip found. Trip will continue
8/16/2023, 4:42:01 PM [INFO]: Stored Tripdata in the database
8/16/2023, 4:42:06 PM [INFO]: Successfully received vehicle details.
8/16/2023, 4:42:06 PM [INFO]: Ongoing trip found. Trip will continue
8/16/2023, 4:42:06 PM [INFO]: Stored Tripdata in the database
8/16/2023, 4:42:10 PM [INFO]: Successfully received vehicle details.
8/16/2023, 4:42:10 PM [INFO]: Ongoing trip found. Trip will continue
8/16/2023, 4:42:10 PM [INFO]: Stored Tripdata in the database
8/16/2023, 4:42:15 PM [INFO]: Successfully received vehicle details.
8/16/2023, 4:42:15 PM [INFO]: Ongoing trip found. Trip will continue
8/16/2023, 4:42:15 PM [INFO]: Stored Tripdata in the database
8/16/2023, 4:42:21 PM [INFO]: Successfully received vehicle details.
8/16/2023, 4:42:21 PM [INFO]: Ongoing trip found. Trip will continue
8/16/2023, 4:42:21 PM [INFO]: Stored Tripdata in the database
8/16/2023, 4:42:28 PM [INFO]: Successfully received vehicle details.
8/16/2023, 4:42:28 PM [INFO]: Ongoing trip found. Trip will continue
8/16/2023, 4:42:28 PM [INFO]: Stored Tripdata in the database
8/16/2023, 4:42:48 PM [INFO]: Successfully received vehicle details.
8/16/2023, 4:42:48 PM [INFO]: Ongoing trip found. Trip will continue
8/16/2023, 4:42:48 PM [INFO]: Stored Tripdata in the database
8/16/2023, 4:43:02 PM [INFO]: Successfully received vehicle details.
8/16/2023, 4:43:02 PM [INFO]: Ongoing trip found. Trip will continue
8/16/2023, 4:43:02 PM [INFO]: Stored Tripdata in the database
8/16/2023, 4:43:02 PM [INFO]: Database connected
8/16/2023, 4:43:02 PM [INFO]: Database connected
8/16/2023, 4:43:02 PM [INFO]: Database connected
8/16/2023, 4:43:02 PM [INFO]: Successfully received vehicle details.
8/16/2023, 4:43:02 PM [INFO]: Successfully received vehicle details.
8/16/2023, 4:43:02 PM [INFO]: Successfully received vehicle details.
8/16/2023, 4:43:02 PM [INFO]: Ongoing trip found. Trip will continue
8/16/2023, 4:43:02 PM [INFO]: Ongoing trip found. Trip will continue
8/16/2023, 4:43:02 PM [INFO]: Ongoing trip found. Trip will continue
8/16/2023, 4:43:02 PM [INFO]: Stored Tripdata in the database
8/16/2023, 4:43:02 PM [INFO]: Stored Tripdata in the database
8/16/2023, 4:43:02 PM [INFO]: Stored Tripdata in the database
8/16/2023, 4:43:03 PM [INFO]: Successfully received vehicle details.
8/16/2023, 4:43:03 PM [INFO]: Ongoing trip found. Trip will continue
8/16/2023, 4:43:03 PM [INFO]: Successfully received vehicle details.
8/16/2023, 4:43:03 PM [INFO]: Ongoing trip found. Trip will continue
8/16/2023, 4:43:03 PM [INFO]: Stored Tripdata in the database
8/16/2023, 4:43:03 PM [INFO]: Stored Tripdata in the database
8/16/2023, 4:43:06 PM [INFO]: Successfully received vehicle details.
8/16/2023, 4:43:06 PM [INFO]: Ongoing trip found. Trip will continue
8/16/2023, 4:43:06 PM [INFO]: Stored Tripdata in the database
8/16/2023, 4:43:11 PM [INFO]: Successfully received vehicle details.
8/16/2023, 4:43:11 PM [INFO]: Ongoing trip found. Trip will continue
8/16/2023, 4:43:11 PM [INFO]: Stored Tripdata in the database
8/16/2023, 4:43:19 PM [INFO]: Successfully received vehicle details.
8/16/2023, 4:43:19 PM [INFO]: Ongoing trip found. Trip will continue
8/16/2023, 4:43:19 PM [INFO]: Stored Tripdata in the database
8/16/2023, 4:43:21 PM [INFO]: Successfully received vehicle details.
8/16/2023, 4:43:21 PM [INFO]: Ongoing trip found. Trip will continue
8/16/2023, 4:43:21 PM [INFO]: Stored Tripdata in the database
8/16/2023, 4:43:31 PM [INFO]: Successfully received vehicle details.
8/16/2023, 4:43:31 PM [INFO]: Ongoing trip found. Trip will continue
8/16/2023, 4:43:31 PM [INFO]: Stored Tripdata in the database
8/16/2023, 4:43:33 PM [INFO]: Successfully received vehicle details.
8/16/2023, 4:43:33 PM [INFO]: Ongoing trip found. Trip will continue
8/16/2023, 4:43:33 PM [INFO]: Stored Tripdata in the database
8/16/2023, 4:43:37 PM [INFO]: Successfully received vehicle details.
8/16/2023, 4:43:37 PM [INFO]: Ongoing trip found. Trip will continue
8/16/2023, 4:43:37 PM [INFO]: Stored Tripdata in the database
8/16/2023, 4:43:41 PM [INFO]: Successfully received vehicle details.
8/16/2023, 4:43:41 PM [INFO]: Ongoing trip found. Trip will continue
8/16/2023, 4:43:41 PM [INFO]: Stored Tripdata in the database
8/16/2023, 4:43:52 PM [INFO]: Successfully received vehicle details.
8/16/2023, 4:43:52 PM [INFO]: Ongoing trip found. Trip will continue
8/16/2023, 4:43:52 PM [INFO]: Stored Tripdata in the database
8/16/2023, 5:18:13 PM [INFO]: Successfully received vehicle details.
8/16/2023, 5:18:13 PM [INFO]: Ongoing trip found. Trip will continue
8/16/2023, 5:18:13 PM [INFO]: Stored Tripdata in the database
8/16/2023, 5:18:15 PM [INFO]: Successfully received vehicle details.
8/16/2023, 5:18:15 PM [INFO]: Ongoing trip found. Trip will continue
8/16/2023, 5:18:15 PM [INFO]: Stored Tripdata in the database
8/16/2023, 5:18:15 PM [INFO]: Successfully received vehicle details.
8/16/2023, 5:18:15 PM [INFO]: Successfully received vehicle details.
8/16/2023, 5:18:15 PM [INFO]: Ongoing trip found. Trip will continue
8/16/2023, 5:18:15 PM [INFO]: Ongoing trip found. Trip will continue
8/16/2023, 5:18:15 PM [INFO]: Stored Tripdata in the database
8/16/2023, 5:18:15 PM [INFO]: Stored Tripdata in the database
8/16/2023, 5:18:17 PM [INFO]: Database connected
8/16/2023, 5:18:17 PM [INFO]: Successfully received vehicle details.
8/16/2023, 5:18:17 PM [INFO]: Database connected
8/16/2023, 5:18:17 PM [INFO]: Database connected
8/16/2023, 5:18:17 PM [INFO]: Successfully received vehicle details.
8/16/2023, 5:18:17 PM [INFO]: Successfully received vehicle details.
8/16/2023, 5:18:17 PM [INFO]: Database connected
8/16/2023, 5:18:17 PM [INFO]: Successfully received vehicle details.
8/16/2023, 5:18:17 PM [INFO]: Successfully received vehicle details.
8/16/2023, 5:18:17 PM [INFO]: Successfully received vehicle details.
8/17/2023, 10:48:26 AM [INFO]: Connected to MQTT broker
8/17/2023, 11:15:49 AM [INFO]: App is running on port 8080
8/17/2023, 11:15:49 AM [INFO]: Connected to MQTT broker
8/17/2023, 11:15:49 AM [INFO]: Database connected
8/17/2023, 11:15:49 AM [INFO]: Database connected
8/17/2023, 11:15:49 AM [INFO]: Vehicle not found.
8/17/2023, 11:15:49 AM [INFO]: No vehicle found for the provide device ID : DMS_NCL_16. Tripdata not stored.
8/17/2023, 11:15:53 AM [INFO]: Database connected
8/17/2023, 11:15:53 AM [INFO]: Vehicle not found.
8/17/2023, 11:15:53 AM [INFO]: No vehicle found for the provide device ID : DMS_TABLE_TOP2. Tripdata not stored.
8/17/2023, 11:15:55 AM [INFO]: Database connected
8/17/2023, 11:15:55 AM [INFO]: Vehicle not found.
8/17/2023, 11:15:55 AM [INFO]: No vehicle found for the provide device ID : DMS_NCL_16. Tripdata not stored.
8/17/2023, 11:15:58 AM [INFO]: Database connected
8/17/2023, 11:15:58 AM [INFO]: Vehicle not found.
8/17/2023, 11:15:58 AM [INFO]: No vehicle found for the provide device ID : DMS_TABLE_TOP2. Tripdata not stored.
8/17/2023, 11:16:00 AM [INFO]: Database connected
8/17/2023, 11:16:00 AM [INFO]: Vehicle not found.
8/17/2023, 11:16:00 AM [INFO]: No vehicle found for the provide device ID : DMS_TABLE_TOP2. Tripdata not stored.
8/17/2023, 11:16:00 AM [INFO]: Database connected
8/17/2023, 11:16:00 AM [INFO]: Vehicle not found.
8/17/2023, 11:16:00 AM [INFO]: No vehicle found for the provide device ID : DMS_NCL_16. Tripdata not stored.
8/17/2023, 11:16:05 AM [INFO]: Database connected
8/17/2023, 11:16:05 AM [INFO]: Vehicle not found.
8/17/2023, 11:16:05 AM [INFO]: No vehicle found for the provide device ID : DMS_NCL_16. Tripdata not stored.
8/17/2023, 11:16:08 AM [INFO]: Database connected
8/17/2023, 11:16:08 AM [INFO]: Vehicle not found.
8/17/2023, 11:16:08 AM [INFO]: No vehicle found for the provide device ID : DMS_TABLE_TOP2. Tripdata not stored.
8/17/2023, 11:16:09 AM [INFO]: Database connected
8/17/2023, 11:16:09 AM [INFO]: Vehicle not found.
8/17/2023, 11:16:09 AM [INFO]: No vehicle found for the provide device ID : DMS_TABLE_TOP2. Tripdata not stored.
8/17/2023, 11:18:24 AM [INFO]: App is running on port 8080
8/17/2023, 11:18:24 AM [INFO]: Connected to MQTT broker
8/17/2023, 11:18:25 AM [INFO]: Database connected
8/17/2023, 11:18:25 AM [INFO]: Database connected
8/17/2023, 11:18:25 AM [INFO]: Vehicle not found.
8/17/2023, 11:18:25 AM [INFO]: No vehicle found for the provide device ID : DMS_TABLE_TOP2. Tripdata not stored.
8/17/2023, 11:18:26 AM [INFO]: Database connected
8/17/2023, 11:18:26 AM [INFO]: Vehicle not found.
8/17/2023, 11:18:26 AM [INFO]: No vehicle found for the provide device ID : DMS_NCL_16. Tripdata not stored.
8/17/2023, 11:18:29 AM [INFO]: Database connected
8/17/2023, 11:18:29 AM [INFO]: Vehicle not found.
8/17/2023, 11:18:29 AM [INFO]: No vehicle found for the provide device ID : DMS_TABLE_TOP2. Tripdata not stored.
8/17/2023, 11:18:31 AM [INFO]: Database connected
8/17/2023, 11:18:31 AM [INFO]: Vehicle not found.
8/17/2023, 11:18:31 AM [INFO]: No vehicle found for the provide device ID : DMS_NCL_16. Tripdata not stored.
8/17/2023, 11:18:36 AM [INFO]: Database connected
8/17/2023, 11:18:36 AM [INFO]: Vehicle not found.
8/17/2023, 11:18:36 AM [INFO]: No vehicle found for the provide device ID : DMS_NCL_16. Tripdata not stored.
8/17/2023, 11:18:38 AM [INFO]: Database connected
8/17/2023, 11:18:38 AM [INFO]: Vehicle not found.
8/17/2023, 11:18:38 AM [INFO]: No vehicle found for the provide device ID : DMS_TABLE_TOP2. Tripdata not stored.
8/17/2023, 11:18:39 AM [INFO]: Database connected
8/17/2023, 11:18:39 AM [INFO]: Vehicle not found.
8/17/2023, 11:18:39 AM [INFO]: No vehicle found for the provide device ID : DMS_TABLE_TOP2. Tripdata not stored.
8/17/2023, 11:18:41 AM [INFO]: Database connected
8/17/2023, 11:18:41 AM [INFO]: Vehicle not found.
8/17/2023, 11:18:41 AM [INFO]: No vehicle found for the provide device ID : DMS_NCL_16. Tripdata not stored.
8/17/2023, 11:18:46 AM [INFO]: Database connected
8/17/2023, 11:18:46 AM [INFO]: Vehicle not found.
8/17/2023, 11:18:46 AM [INFO]: No vehicle found for the provide device ID : DMS_NCL_16. Tripdata not stored.
8/17/2023, 11:25:45 AM [INFO]: App is running on port 8080
8/17/2023, 11:25:45 AM [INFO]: Connected to MQTT broker
8/17/2023, 11:25:45 AM [INFO]: Database connected
8/17/2023, 11:25:45 AM [INFO]: Database connected
8/17/2023, 11:25:45 AM [INFO]: Vehicle not found.
8/17/2023, 11:25:45 AM [INFO]: No vehicle found for the provide device ID : DMS_NCL_16. Tripdata not stored.
8/17/2023, 11:25:49 AM [INFO]: Database connected
8/17/2023, 11:25:49 AM [INFO]: Vehicle not found.
8/17/2023, 11:25:49 AM [INFO]: No vehicle found for the provide device ID : DMS_TABLE_TOP2. Tripdata not stored.
8/17/2023, 11:25:51 AM [INFO]: Database connected
8/17/2023, 11:25:51 AM [INFO]: Vehicle not found.
8/17/2023, 11:25:51 AM [INFO]: No vehicle found for the provide device ID : DMS_NCL_16. Tripdata not stored.
8/17/2023, 11:25:51 AM [INFO]: Database connected
8/17/2023, 11:25:51 AM [INFO]: Vehicle not found.
8/17/2023, 11:25:51 AM [INFO]: No vehicle found for the provide device ID : DMS_TABLE_TOP2. Tripdata not stored.
8/17/2023, 11:25:56 AM [INFO]: Database connected
8/17/2023, 11:25:56 AM [INFO]: Vehicle not found.
8/17/2023, 11:25:56 AM [INFO]: No vehicle found for the provide device ID : DMS_NCL_16. Tripdata not stored.
8/17/2023, 11:26:01 AM [INFO]: Database connected
8/17/2023, 11:26:01 AM [INFO]: Vehicle not found.
8/17/2023, 11:26:01 AM [INFO]: No vehicle found for the provide device ID : DMS_NCL_16. Tripdata not stored.
8/17/2023, 11:26:01 AM [INFO]: Database connected
8/17/2023, 11:26:01 AM [INFO]: Vehicle not found.
8/17/2023, 11:26:01 AM [INFO]: No vehicle found for the provide device ID : DMS_TABLE_TOP2. Tripdata not stored.
8/17/2023, 11:26:06 AM [INFO]: Database connected
8/17/2023, 11:26:06 AM [INFO]: Vehicle not found.
8/17/2023, 11:26:06 AM [INFO]: No vehicle found for the provide device ID : DMS_NCL_16. Tripdata not stored.
8/17/2023, 11:26:07 AM [INFO]: Database connected
8/17/2023, 11:26:07 AM [INFO]: Vehicle not found.
8/17/2023, 11:26:07 AM [INFO]: No vehicle found for the provide device ID : DMS_TABLE_TOP2. Tripdata not stored.
8/17/2023, 11:27:41 AM [INFO]: App is running on port 8080
8/17/2023, 11:27:41 AM [INFO]: Connected to MQTT broker
8/17/2023, 11:27:41 AM [INFO]: Database connected
8/17/2023, 11:27:41 AM [INFO]: Database connected
8/17/2023, 11:27:41 AM [INFO]: Vehicle not found.
8/17/2023, 11:27:41 AM [INFO]: No vehicle found for the provide device ID : DMS_TABLE_TOP2. Tripdata not stored.
8/17/2023, 11:27:42 AM [INFO]: Database connected
8/17/2023, 11:27:42 AM [INFO]: Vehicle not found.
8/17/2023, 11:27:42 AM [INFO]: No vehicle found for the provide device ID : DMS_NCL_16. Tripdata not stored.
8/17/2023, 11:27:44 AM [INFO]: Database connected
8/17/2023, 11:27:44 AM [INFO]: Successfully received vehicle details.
8/17/2023, 11:27:44 AM [INFO]: Ongoing trip found. Trip will continue
8/17/2023, 11:27:44 AM [INFO]: Stored Tripdata in the database
8/17/2023, 11:27:47 AM [INFO]: Vehicle not found.
8/17/2023, 11:27:47 AM [INFO]: No vehicle found for the provide device ID : DMS_TABLE_TOP2. Tripdata not stored.
8/17/2023, 11:27:47 AM [INFO]: Database connected
8/17/2023, 11:27:47 AM [INFO]: Vehicle not found.
8/17/2023, 11:27:47 AM [INFO]: No vehicle found for the provide device ID : DMS_NCL_16. Tripdata not stored.
8/17/2023, 11:27:50 AM [INFO]: Database connected
8/17/2023, 11:27:50 AM [INFO]: Successfully received vehicle details.
8/17/2023, 11:27:50 AM [INFO]: Ongoing trip found. Trip will continue
8/17/2023, 11:27:50 AM [INFO]: Stored Tripdata in the database
8/17/2023, 11:27:51 AM [INFO]: Vehicle not found.
8/17/2023, 11:27:51 AM [INFO]: No vehicle found for the provide device ID : DMS_TABLE_TOP2. Tripdata not stored.
8/17/2023, 11:27:52 AM [INFO]: Database connected
8/17/2023, 11:27:52 AM [INFO]: Vehicle not found.
8/17/2023, 11:27:52 AM [INFO]: No vehicle found for the provide device ID : DMS_NCL_16. Tripdata not stored.
8/17/2023, 11:27:55 AM [INFO]: Database connected
8/17/2023, 11:27:55 AM [INFO]: Successfully received vehicle details.
8/17/2023, 11:27:55 AM [INFO]: Ongoing trip found. Trip will continue
8/17/2023, 11:27:55 AM [INFO]: Stored Tripdata in the database
8/17/2023, 11:27:57 AM [INFO]: Vehicle not found.
8/17/2023, 11:27:57 AM [INFO]: No vehicle found for the provide device ID : DMS_NCL_16. Tripdata not stored.
8/17/2023, 11:28:00 AM [INFO]: Database connected
8/17/2023, 11:28:00 AM [INFO]: Successfully received vehicle details.
8/17/2023, 11:28:00 AM [INFO]: Ongoing trip found. Trip will continue
8/17/2023, 11:28:00 AM [INFO]: Stored Tripdata in the database
8/17/2023, 11:28:00 AM [INFO]: Vehicle not found.
8/17/2023, 11:28:00 AM [INFO]: No vehicle found for the provide device ID : DMS_TABLE_TOP2. Tripdata not stored.
8/17/2023, 11:28:02 AM [INFO]: Database connected
8/17/2023, 11:28:02 AM [INFO]: Vehicle not found.
8/17/2023, 11:28:02 AM [INFO]: No vehicle found for the provide device ID : DMS_TABLE_TOP2. Tripdata not stored.
8/17/2023, 11:29:32 AM [INFO]: App is running on port 8080
8/17/2023, 11:29:32 AM [INFO]: Connected to MQTT broker
8/17/2023, 11:29:32 AM [INFO]: Database connected
8/17/2023, 11:29:32 AM [INFO]: Database connected
8/17/2023, 11:29:32 AM [INFO]: Vehicle not found.
8/17/2023, 11:29:32 AM [INFO]: No vehicle found for the provide device ID : DMS_TABLE_TOP2. Tripdata not stored.
8/17/2023, 11:29:33 AM [INFO]: Database connected
8/17/2023, 11:29:33 AM [INFO]: Vehicle not found.
8/17/2023, 11:29:33 AM [INFO]: No vehicle found for the provide device ID : DMS_NCL_16. Tripdata not stored.
8/17/2023, 11:29:34 AM [INFO]: App is running on port 8080
8/17/2023, 11:29:34 AM [INFO]: Connected to MQTT broker
8/17/2023, 11:29:35 AM [INFO]: Database connected
8/17/2023, 11:29:35 AM [INFO]: Database connected
8/17/2023, 11:29:35 AM [INFO]: Vehicle not found.
8/17/2023, 11:29:35 AM [INFO]: No vehicle found for the provide device ID : DMS_TABLE_TOP2. Tripdata not stored.
8/17/2023, 11:29:38 AM [INFO]: Database connected
8/17/2023, 11:29:38 AM [INFO]: Vehicle not found.
8/17/2023, 11:29:38 AM [INFO]: No vehicle found for the provide device ID : DMS_NCL_16. Tripdata not stored.
8/17/2023, 11:31:01 AM [INFO]: App is running on port 8080
8/17/2023, 11:31:01 AM [INFO]: Connected to MQTT broker
8/17/2023, 11:31:02 AM [INFO]: Database connected
8/17/2023, 11:31:02 AM [INFO]: Database connected
8/17/2023, 11:31:02 AM [INFO]: Vehicle not found.
8/17/2023, 11:31:02 AM [INFO]: No vehicle found for the provide device ID : DMS_TABLE_TOP2. Tripdata not stored.
8/17/2023, 11:31:03 AM [INFO]: Database connected
8/17/2023, 11:31:03 AM [INFO]: Vehicle not found.
8/17/2023, 11:31:03 AM [INFO]: No vehicle found for the provide device ID : DMS_TABLE_TOP2. Tripdata not stored.
8/17/2023, 11:31:04 AM [INFO]: Database connected
8/17/2023, 11:31:04 AM [INFO]: Vehicle not found.
8/17/2023, 11:31:04 AM [INFO]: No vehicle found for the provide device ID : DMS_NCL_16. Tripdata not stored.
8/17/2023, 11:31:09 AM [INFO]: Database connected
8/17/2023, 11:31:09 AM [INFO]: Vehicle not found.
8/17/2023, 11:31:09 AM [INFO]: No vehicle found for the provide device ID : DMS_NCL_16. Tripdata not stored.
8/17/2023, 11:31:10 AM [INFO]: Database connected
8/17/2023, 11:31:10 AM [INFO]: Vehicle not found.
8/17/2023, 11:31:10 AM [INFO]: No vehicle found for the provide device ID : DMS_TABLE_TOP2. Tripdata not stored.
8/17/2023, 11:31:13 AM [INFO]: Database connected
8/17/2023, 11:31:13 AM [INFO]: Vehicle not found.
8/17/2023, 11:31:13 AM [INFO]: No vehicle found for the provide device ID : DMS_TABLE_TOP2. Tripdata not stored.
8/17/2023, 11:31:14 AM [INFO]: Database connected
8/17/2023, 11:31:14 AM [INFO]: Vehicle not found.
8/17/2023, 11:31:14 AM [INFO]: No vehicle found for the provide device ID : DMS_NCL_16. Tripdata not stored.
8/17/2023, 11:31:19 AM [INFO]: Database connected
8/17/2023, 11:31:19 AM [INFO]: Vehicle not found.
8/17/2023, 11:31:19 AM [INFO]: No vehicle found for the provide device ID : DMS_TABLE_TOP2. Tripdata not stored.
8/17/2023, 11:31:19 AM [INFO]: Database connected
8/17/2023, 11:31:19 AM [INFO]: Vehicle not found.
8/17/2023, 11:31:19 AM [INFO]: No vehicle found for the provide device ID : DMS_NCL_16. Tripdata not stored.
8/17/2023, 11:32:21 AM [INFO]: App is running on port 8080
8/17/2023, 11:32:21 AM [INFO]: Connected to MQTT broker
8/17/2023, 11:32:23 AM [INFO]: Database connected
8/17/2023, 11:32:23 AM [INFO]: Database connected
8/17/2023, 11:32:23 AM [INFO]: Vehicle not found.
8/17/2023, 11:32:23 AM [INFO]: No vehicle found for the provide device ID : DMS_TABLE_TOP2. Tripdata not stored.
8/17/2023, 11:32:23 AM [INFO]: Database connected
8/17/2023, 11:32:23 AM [INFO]: Vehicle not found.
8/17/2023, 11:32:23 AM [INFO]: No vehicle found for the provide device ID : DMS_TABLE_TOP2. Tripdata not stored.
8/17/2023, 11:32:25 AM [INFO]: Database connected
8/17/2023, 11:32:25 AM [INFO]: Vehicle not found.
8/17/2023, 11:32:25 AM [INFO]: No vehicle found for the provide device ID : DMS_NCL_16. Tripdata not stored.
8/17/2023, 11:32:30 AM [INFO]: Database connected
8/17/2023, 11:32:31 AM [INFO]: Vehicle not found.
8/17/2023, 11:32:31 AM [INFO]: No vehicle found for the provide device ID : DMS_NCL_16. Tripdata not stored.
8/17/2023, 11:32:33 AM [INFO]: Database connected
8/17/2023, 11:32:33 AM [INFO]: Vehicle not found.
8/17/2023, 11:32:33 AM [INFO]: No vehicle found for the provide device ID : DMS_TABLE_TOP2. Tripdata not stored.
8/17/2023, 11:32:34 AM [INFO]: Database connected
8/17/2023, 11:32:34 AM [INFO]: Vehicle not found.
8/17/2023, 11:32:34 AM [INFO]: No vehicle found for the provide device ID : DMS_TABLE_TOP2. Tripdata not stored.
8/17/2023, 11:32:35 AM [INFO]: Database connected
8/17/2023, 11:32:35 AM [INFO]: Vehicle not found.
8/17/2023, 11:32:35 AM [INFO]: No vehicle found for the provide device ID : DMS_NCL_16. Tripdata not stored.
8/17/2023, 11:32:40 AM [INFO]: Database connected
8/17/2023, 11:32:40 AM [INFO]: Vehicle not found.
8/17/2023, 11:32:40 AM [INFO]: No vehicle found for the provide device ID : DMS_NCL_16. Tripdata not stored.
8/17/2023, 11:32:43 AM [INFO]: Database connected
8/17/2023, 11:32:43 AM [INFO]: Vehicle not found.
8/17/2023, 11:32:43 AM [INFO]: No vehicle found for the provide device ID : DMS_TABLE_TOP2. Tripdata not stored.
8/17/2023, 11:33:58 AM [INFO]: App is running on port 8080
8/17/2023, 11:33:58 AM [INFO]: Connected to MQTT broker
8/17/2023, 11:34:01 AM [INFO]: Database connected
8/17/2023, 11:34:01 AM [INFO]: Database connected
8/17/2023, 11:34:01 AM [INFO]: Vehicle not found.
8/17/2023, 11:34:01 AM [INFO]: No vehicle found for the provide device ID : DMS_NCL_16. Tripdata not stored.
8/17/2023, 11:34:01 AM [INFO]: Database connected
8/17/2023, 11:34:01 AM [INFO]: Vehicle not found.
8/17/2023, 11:34:01 AM [INFO]: No vehicle found for the provide device ID : DMS_TABLE_TOP2. Tripdata not stored.
8/17/2023, 11:34:04 AM [INFO]: Database connected
8/17/2023, 11:34:04 AM [INFO]: Vehicle not found.
8/17/2023, 11:34:04 AM [INFO]: No vehicle found for the provide device ID : DMS_TABLE_TOP2. Tripdata not stored.
8/17/2023, 11:34:05 AM [INFO]: Database connected
8/17/2023, 11:34:06 AM [INFO]: Vehicle not found.
8/17/2023, 11:34:06 AM [INFO]: No vehicle found for the provide device ID : DMS_NCL_16. Tripdata not stored.
8/17/2023, 11:34:10 AM [INFO]: Database connected
8/17/2023, 11:34:10 AM [INFO]: Vehicle not found.
8/17/2023, 11:34:10 AM [INFO]: No vehicle found for the provide device ID : DMS_TABLE_TOP2. Tripdata not stored.
8/17/2023, 11:34:11 AM [INFO]: Database connected
8/17/2023, 11:34:11 AM [INFO]: Vehicle not found.
8/17/2023, 11:34:11 AM [INFO]: No vehicle found for the provide device ID : DMS_NCL_16. Tripdata not stored.
8/17/2023, 11:34:14 AM [INFO]: Database connected
8/17/2023, 11:34:14 AM [INFO]: Vehicle not found.
8/17/2023, 11:34:14 AM [INFO]: No vehicle found for the provide device ID : DMS_TABLE_TOP2. Tripdata not stored.
8/17/2023, 11:34:16 AM [INFO]: Database connected
8/17/2023, 11:34:16 AM [INFO]: Vehicle not found.
8/17/2023, 11:34:16 AM [INFO]: No vehicle found for the provide device ID : DMS_NCL_16. Tripdata not stored.
8/17/2023, 11:34:20 AM [INFO]: Database connected
8/17/2023, 11:34:20 AM [INFO]: Vehicle not found.
8/17/2023, 11:34:20 AM [INFO]: No vehicle found for the provide device ID : DMS_TABLE_TOP2. Tripdata not stored.
8/17/2023, 11:36:36 AM [INFO]: App is running on port 8080
8/17/2023, 11:36:36 AM [INFO]: Connected to MQTT broker
8/17/2023, 11:36:38 AM [INFO]: Database connected
8/17/2023, 11:36:38 AM [INFO]: Database connected
8/17/2023, 11:36:38 AM [INFO]: Vehicle not found.
8/17/2023, 11:36:38 AM [INFO]: No vehicle found for the provide device ID : DMS_NCL_16. Tripdata not stored.
8/17/2023, 11:36:43 AM [INFO]: Database connected
8/17/2023, 11:36:43 AM [INFO]: Vehicle not found.
8/17/2023, 11:36:43 AM [INFO]: No vehicle found for the provide device ID : DMS_NCL_16. Tripdata not stored.
8/17/2023, 11:36:43 AM [INFO]: Database connected
8/17/2023, 11:36:45 AM [INFO]: Vehicle not found.
8/17/2023, 11:36:45 AM [INFO]: No vehicle found for the provide device ID : DMS_TABLE_TOP2. Tripdata not stored.
8/17/2023, 11:36:47 AM [INFO]: Database connected
8/17/2023, 11:36:47 AM [INFO]: Vehicle not found.
8/17/2023, 11:36:47 AM [INFO]: No vehicle found for the provide device ID : DMS_TABLE_TOP2. Tripdata not stored.
8/17/2023, 11:36:48 AM [INFO]: Database connected
8/17/2023, 11:36:48 AM [INFO]: Vehicle not found.
8/17/2023, 11:36:48 AM [INFO]: No vehicle found for the provide device ID : DMS_NCL_16. Tripdata not stored.
8/17/2023, 11:36:53 AM [INFO]: Database connected
8/17/2023, 11:36:53 AM [INFO]: Vehicle not found.
8/17/2023, 11:36:53 AM [INFO]: No vehicle found for the provide device ID : DMS_NCL_16. Tripdata not stored.
8/17/2023, 11:36:55 AM [INFO]: Database connected
8/17/2023, 11:36:55 AM [INFO]: Vehicle not found.
8/17/2023, 11:36:55 AM [INFO]: No vehicle found for the provide device ID : DMS_TABLE_TOP2. Tripdata not stored.
8/17/2023, 11:36:55 AM [INFO]: Database connected
8/17/2023, 11:36:55 AM [INFO]: Vehicle not found.
8/17/2023, 11:36:55 AM [INFO]: No vehicle found for the provide device ID : DMS_TABLE_TOP2. Tripdata not stored.
8/17/2023, 11:36:58 AM [INFO]: Database connected
8/17/2023, 11:36:58 AM [INFO]: Vehicle not found.
8/17/2023, 11:36:58 AM [INFO]: No vehicle found for the provide device ID : DMS_NCL_16. Tripdata not stored.
8/17/2023, 11:38:40 AM [INFO]: App is running on port 8080
8/17/2023, 11:38:40 AM [INFO]: Connected to MQTT broker
8/17/2023, 11:38:42 AM [INFO]: Database connected
8/17/2023, 11:38:42 AM [INFO]: Database connected
8/17/2023, 11:38:42 AM [INFO]: Vehicle not found.
8/17/2023, 11:38:42 AM [INFO]: No vehicle found for the provide device ID : DMS_TABLE_TOP2. Tripdata not stored.
8/17/2023, 11:38:43 AM [INFO]: Database connected
8/17/2023, 11:38:44 AM [INFO]: Vehicle not found.
8/17/2023, 11:38:44 AM [INFO]: No vehicle found for the provide device ID : DMS_NCL_16. Tripdata not stored.
8/17/2023, 11:38:46 AM [INFO]: Database connected
8/17/2023, 11:38:46 AM [INFO]: Vehicle not found.
8/17/2023, 11:38:46 AM [INFO]: No vehicle found for the provide device ID : DMS_TABLE_TOP2. Tripdata not stored.
8/17/2023, 11:38:49 AM [INFO]: Database connected
8/17/2023, 11:38:49 AM [INFO]: Vehicle not found.
8/17/2023, 11:38:49 AM [INFO]: No vehicle found for the provide device ID : DMS_NCL_16. Tripdata not stored.
8/17/2023, 11:38:51 AM [INFO]: Database connected
8/17/2023, 11:38:51 AM [INFO]: Vehicle not found.
8/17/2023, 11:38:51 AM [INFO]: No vehicle found for the provide device ID : DMS_TABLE_TOP2. Tripdata not stored.
8/17/2023, 11:38:54 AM [INFO]: Database connected
8/17/2023, 11:38:54 AM [INFO]: Vehicle not found.
8/17/2023, 11:38:54 AM [INFO]: No vehicle found for the provide device ID : DMS_NCL_16. Tripdata not stored.
8/17/2023, 11:38:56 AM [INFO]: Database connected
8/17/2023, 11:38:56 AM [INFO]: Vehicle not found.
8/17/2023, 11:38:56 AM [INFO]: No vehicle found for the provide device ID : DMS_TABLE_TOP2. Tripdata not stored.
8/17/2023, 11:39:00 AM [INFO]: Database connected
8/17/2023, 11:39:00 AM [INFO]: Vehicle not found.
8/17/2023, 11:39:00 AM [INFO]: No vehicle found for the provide device ID : DMS_NCL_16. Tripdata not stored.
8/17/2023, 11:39:00 AM [INFO]: Database connected
8/17/2023, 11:39:00 AM [INFO]: Vehicle not found.
8/17/2023, 11:39:00 AM [INFO]: No vehicle found for the provide device ID : DMS_TABLE_TOP2. Tripdata not stored.
8/17/2023, 11:39:21 AM [INFO]: App is running on port 8080
8/17/2023, 11:39:21 AM [INFO]: Connected to MQTT broker
8/17/2023, 11:39:25 AM [INFO]: Database connected
8/17/2023, 11:39:25 AM [INFO]: Database connected
8/17/2023, 11:39:25 AM [INFO]: Vehicle not found.
8/17/2023, 11:39:25 AM [INFO]: No vehicle found for the provide device ID : DMS_NCL_16. Tripdata not stored.
8/17/2023, 11:39:26 AM [INFO]: Database connected
8/17/2023, 11:39:26 AM [INFO]: Vehicle not found.
8/17/2023, 11:39:26 AM [INFO]: No vehicle found for the provide device ID : DMS_TABLE_TOP2. Tripdata not stored.
8/17/2023, 11:39:28 AM [INFO]: Database connected
8/17/2023, 11:39:28 AM [INFO]: Vehicle not found.
8/17/2023, 11:39:28 AM [INFO]: No vehicle found for the provide device ID : DMS_TABLE_TOP2. Tripdata not stored.
8/17/2023, 11:39:31 AM [INFO]: Database connected
8/17/2023, 11:39:31 AM [INFO]: Vehicle not found.
8/17/2023, 11:39:31 AM [INFO]: No vehicle found for the provide device ID : DMS_NCL_16. Tripdata not stored.
8/17/2023, 11:39:36 AM [INFO]: Database connected
8/17/2023, 11:39:36 AM [INFO]: Vehicle not found.
8/17/2023, 11:39:36 AM [INFO]: No vehicle found for the provide device ID : DMS_TABLE_TOP2. Tripdata not stored.
8/17/2023, 11:39:37 AM [INFO]: Database connected
8/17/2023, 11:39:37 AM [INFO]: Vehicle not found.
8/17/2023, 11:39:37 AM [INFO]: No vehicle found for the provide device ID : DMS_TABLE_TOP2. Tripdata not stored.
8/17/2023, 11:39:37 AM [INFO]: Database connected
8/17/2023, 11:39:37 AM [INFO]: Vehicle not found.
8/17/2023, 11:39:37 AM [INFO]: No vehicle found for the provide device ID : DMS_NCL_16. Tripdata not stored.
8/17/2023, 11:39:41 AM [INFO]: Database connected
8/17/2023, 11:39:41 AM [INFO]: Vehicle not found.
8/17/2023, 11:39:41 AM [INFO]: No vehicle found for the provide device ID : DMS_NCL_16. Tripdata not stored.
8/17/2023, 11:39:46 AM [INFO]: Database connected
8/17/2023, 11:39:46 AM [INFO]: Vehicle not found.
8/17/2023, 11:39:46 AM [INFO]: No vehicle found for the provide device ID : DMS_NCL_16. Tripdata not stored.
8/17/2023, 11:46:31 AM [INFO]: App is running on port 8080
8/17/2023, 11:46:31 AM [INFO]: Connected to MQTT broker
8/17/2023, 11:46:34 AM [INFO]: Database connected
8/17/2023, 11:46:34 AM [INFO]: Database connected
8/17/2023, 11:46:34 AM [INFO]: Vehicle not found.
8/17/2023, 11:46:34 AM [INFO]: No vehicle found for the provide device ID : DMS_TABLE_TOP2. Tripdata not stored.
8/17/2023, 11:47:40 AM [INFO]: App is running on port 8080
8/17/2023, 11:47:40 AM [INFO]: Connected to MQTT broker
8/17/2023, 11:47:42 AM [INFO]: Database connected
8/17/2023, 11:47:42 AM [INFO]: Database connected
8/17/2023, 11:47:42 AM [INFO]: Vehicle not found.
8/17/2023, 11:47:42 AM [INFO]: No vehicle found for the provide device ID : DMS_NCL_15. Tripdata not stored.
8/17/2023, 11:47:47 AM [INFO]: Database connected
8/17/2023, 11:47:47 AM [INFO]: Vehicle not found.
8/17/2023, 11:47:47 AM [INFO]: No vehicle found for the provide device ID : DMS_NCL_15. Tripdata not stored.
8/17/2023, 11:47:49 AM [INFO]: Database connected
8/17/2023, 11:47:49 AM [INFO]: Vehicle not found.
8/17/2023, 11:47:49 AM [INFO]: No vehicle found for the provide device ID : DMS_TABLE_TOP2. Tripdata not stored.
8/17/2023, 11:47:52 AM [INFO]: Database connected
8/17/2023, 11:47:52 AM [INFO]: Vehicle not found.
8/17/2023, 11:47:52 AM [INFO]: No vehicle found for the provide device ID : DMS_NCL_15. Tripdata not stored.
8/17/2023, 11:47:54 AM [INFO]: Database connected
8/17/2023, 11:47:54 AM [INFO]: Vehicle not found.
8/17/2023, 11:47:54 AM [INFO]: No vehicle found for the provide device ID : DMS_TABLE_TOP2. Tripdata not stored.
8/17/2023, 11:47:57 AM [INFO]: Database connected
8/17/2023, 11:47:57 AM [INFO]: Vehicle not found.
8/17/2023, 11:47:57 AM [INFO]: No vehicle found for the provide device ID : DMS_NCL_15. Tripdata not stored.
8/17/2023, 11:47:59 AM [INFO]: Database connected
8/17/2023, 11:47:59 AM [INFO]: Vehicle not found.
8/17/2023, 11:47:59 AM [INFO]: No vehicle found for the provide device ID : DMS_TABLE_TOP2. Tripdata not stored.
8/17/2023, 11:48:01 AM [INFO]: Database connected
8/17/2023, 11:48:01 AM [INFO]: Vehicle not found.
8/17/2023, 11:48:01 AM [INFO]: No vehicle found for the provide device ID : DMS_NCL_15. Tripdata not stored.
8/17/2023, 11:48:03 AM [INFO]: Database connected
8/17/2023, 11:48:03 AM [INFO]: Vehicle not found.
8/17/2023, 11:48:03 AM [INFO]: No vehicle found for the provide device ID : DMS_TABLE_TOP2. Tripdata not stored.
8/17/2023, 11:53:16 AM [INFO]: App is running on port 8080
8/17/2023, 11:53:37 AM [INFO]: Database connected
8/17/2023, 11:53:37 AM [INFO]: Database connected
8/17/2023, 12:08:16 PM [INFO]: App is running on port 8080
8/17/2023, 12:08:16 PM [INFO]: Connected to MQTT broker
8/17/2023, 12:08:18 PM [INFO]: Database connected
8/17/2023, 12:08:18 PM [INFO]: Database connected
8/17/2023, 12:08:27 PM [INFO]: Vehicle not found.
8/17/2023, 12:08:27 PM [INFO]: No vehicle found for the provide device ID : DMS_NCL_16. Tripdata not stored.
8/17/2023, 12:08:27 PM [INFO]: Database connected
8/17/2023, 12:08:27 PM [INFO]: Database connected
8/17/2023, 12:08:27 PM [INFO]: Database connected
8/17/2023, 12:08:27 PM [INFO]: Vehicle not found.
8/17/2023, 12:08:27 PM [INFO]: No vehicle found for the provide device ID : DMS_NCL_16. Tripdata not stored.
8/17/2023, 12:08:27 PM [INFO]: Database connected
8/17/2023, 12:08:27 PM [INFO]: Database connected
8/17/2023, 12:08:27 PM [INFO]: Vehicle not found.
8/17/2023, 12:08:27 PM [INFO]: No vehicle found for the provide device ID : DMS_NCL_16. Tripdata not stored.
8/17/2023, 12:08:27 PM [INFO]: Vehicle not found.
8/17/2023, 12:08:27 PM [INFO]: No vehicle found for the provide device ID : DMS_NCL_16. Tripdata not stored.
8/17/2023, 12:08:27 PM [INFO]: Database connected
8/17/2023, 12:08:27 PM [INFO]: Database connected
8/17/2023, 12:08:27 PM [INFO]: Vehicle not found.
8/17/2023, 12:08:27 PM [INFO]: No vehicle found for the provide device ID : DMS_NCL_16. Tripdata not stored.
8/17/2023, 12:08:27 PM [INFO]: Database connected
8/17/2023, 12:08:27 PM [INFO]: Vehicle not found.
8/17/2023, 12:08:27 PM [INFO]: No vehicle found for the provide device ID : DMS_NCL_16. Tripdata not stored.
8/17/2023, 12:08:27 PM [INFO]: Vehicle not found.
8/17/2023, 12:08:27 PM [INFO]: No vehicle found for the provide device ID : DMS_NCL_16. Tripdata not stored.
8/17/2023, 12:11:08 PM [INFO]: App is running on port 8080
8/17/2023, 12:11:09 PM [INFO]: Connected to MQTT broker
8/17/2023, 12:11:23 PM [INFO]: Database connected
8/17/2023, 12:11:23 PM [INFO]: Database connected
8/17/2023, 12:12:20 PM [INFO]: Vehicle not found.
8/17/2023, 12:12:20 PM [INFO]: No vehicle found for the provide device ID : DMS_NCL_16. Tripdata not stored.
8/17/2023, 12:12:20 PM [INFO]: Database connected
8/17/2023, 12:12:20 PM [INFO]: Vehicle not found.
8/17/2023, 12:12:20 PM [INFO]: No vehicle found for the provide device ID : DMS_NCL_16. Tripdata not stored.
8/17/2023, 12:12:20 PM [INFO]: Database connected
8/17/2023, 12:12:20 PM [INFO]: Database connected
8/17/2023, 12:12:20 PM [INFO]: Vehicle not found.
8/17/2023, 12:12:20 PM [INFO]: No vehicle found for the provide device ID : DMS_NCL_16. Tripdata not stored.
8/17/2023, 12:12:20 PM [INFO]: Database connected
8/17/2023, 12:12:20 PM [INFO]: Vehicle not found.
8/17/2023, 12:12:20 PM [INFO]: No vehicle found for the provide device ID : DMS_NCL_16. Tripdata not stored.
8/17/2023, 12:12:20 PM [INFO]: Vehicle not found.
8/17/2023, 12:12:20 PM [INFO]: No vehicle found for the provide device ID : DMS_NCL_16. Tripdata not stored.
8/17/2023, 12:12:20 PM [INFO]: Database connected
8/17/2023, 12:12:20 PM [INFO]: Database connected
8/17/2023, 12:12:20 PM [INFO]: Database connected
8/17/2023, 12:12:20 PM [INFO]: Vehicle not found.
8/17/2023, 12:12:20 PM [INFO]: No vehicle found for the provide device ID : DMS_NCL_16. Tripdata not stored.
8/17/2023, 12:12:20 PM [INFO]: Database connected
8/17/2023, 12:12:20 PM [INFO]: Vehicle not found.
8/17/2023, 12:12:20 PM [INFO]: No vehicle found for the provide device ID : DMS_NCL_16. Tripdata not stored.
8/17/2023, 12:12:20 PM [INFO]: Vehicle not found.
8/17/2023, 12:12:20 PM [INFO]: No vehicle found for the provide device ID : DMS_NCL_16. Tripdata not stored.
8/17/2023, 12:12:20 PM [INFO]: Vehicle not found.
8/17/2023, 12:12:20 PM [INFO]: No vehicle found for the provide device ID : DMS_NCL_16. Tripdata not stored.
8/17/2023, 12:17:33 PM [INFO]: App is running on port 8080
8/17/2023, 12:17:33 PM [INFO]: Connected to MQTT broker
8/17/2023, 12:17:50 PM [INFO]: App is running on port 8080
8/17/2023, 12:17:53 PM [INFO]: App is running on port 8080
8/17/2023, 12:17:57 PM [INFO]: Database connected
8/17/2023, 12:17:57 PM [INFO]: Database connected
8/17/2023, 12:21:25 PM [INFO]: App is running on port 8080
8/17/2023, 12:22:21 PM [INFO]: Database connected
8/17/2023, 12:22:21 PM [INFO]: Database connected
8/17/2023, 12:24:55 PM [INFO]: App is running on port 8080
8/17/2023, 12:24:55 PM [INFO]: Connected to MQTT broker
8/17/2023, 12:24:56 PM [INFO]: Database connected
8/17/2023, 12:24:56 PM [INFO]: Database connected
8/17/2023, 12:25:21 PM [INFO]: Vehicle not found.
8/17/2023, 12:25:21 PM [INFO]: No vehicle found for the provide device ID : DMS_NCL_16. Tripdata not stored.
8/17/2023, 12:25:21 PM [INFO]: Database connected
8/17/2023, 12:25:21 PM [INFO]: Vehicle not found.
8/17/2023, 12:25:21 PM [INFO]: No vehicle found for the provide device ID : DMS_NCL_16. Tripdata not stored.
8/17/2023, 12:25:21 PM [INFO]: Database connected
8/17/2023, 12:25:21 PM [INFO]: Database connected
8/17/2023, 12:25:21 PM [INFO]: Database connected
8/17/2023, 12:25:21 PM [INFO]: Vehicle not found.
8/17/2023, 12:25:21 PM [INFO]: No vehicle found for the provide device ID : DMS_NCL_16. Tripdata not stored.
8/17/2023, 12:25:21 PM [INFO]: Database connected
8/17/2023, 12:25:21 PM [INFO]: Database connected
8/17/2023, 12:25:21 PM [INFO]: Vehicle not found.
8/17/2023, 12:25:21 PM [INFO]: No vehicle found for the provide device ID : DMS_NCL_16. Tripdata not stored.
8/17/2023, 12:25:21 PM [INFO]: Vehicle not found.
8/17/2023, 12:25:21 PM [INFO]: No vehicle found for the provide device ID : DMS_NCL_16. Tripdata not stored.
8/17/2023, 12:25:22 PM [INFO]: Database connected
8/17/2023, 12:25:22 PM [INFO]: Database connected
8/17/2023, 12:25:22 PM [INFO]: Vehicle not found.
8/17/2023, 12:25:22 PM [INFO]: No vehicle found for the provide device ID : DMS_NCL_16. Tripdata not stored.
8/17/2023, 12:25:22 PM [INFO]: Vehicle not found.
8/17/2023, 12:25:22 PM [INFO]: No vehicle found for the provide device ID : DMS_NCL_16. Tripdata not stored.
8/17/2023, 12:25:22 PM [INFO]: Vehicle not found.
8/17/2023, 12:25:22 PM [INFO]: No vehicle found for the provide device ID : DMS_NCL_16. Tripdata not stored.
8/17/2023, 12:25:22 PM [INFO]: Vehicle not found.
8/17/2023, 12:25:22 PM [INFO]: No vehicle found for the provide device ID : DMS_NCL_16. Tripdata not stored.
8/17/2023, 12:35:32 PM [INFO]: App is running on port 8080
8/17/2023, 12:35:37 PM [INFO]: Database connected
8/17/2023, 12:35:37 PM [INFO]: Database connected
8/17/2023, 2:51:23 PM [INFO]: App is running on port 8080
8/17/2023, 2:55:57 PM [INFO]: Database connected
8/17/2023, 2:55:57 PM [INFO]: Database connected
8/17/2023, 2:59:34 PM [INFO]: App is running on port 8080
8/17/2023, 3:00:44 PM [INFO]: App is running on port 8080
8/17/2023, 3:08:19 PM [INFO]: Database connected
8/17/2023, 3:08:19 PM [INFO]: Database connected
8/17/2023, 3:08:19 PM [INFO]: Database connected
8/17/2023, 3:08:56 PM [INFO]: App is running on port 8080
8/17/2023, 3:09:04 PM [INFO]: Database connected
8/17/2023, 3:09:04 PM [INFO]: Database connected
8/17/2023, 3:09:04 PM [INFO]: Database connected
8/17/2023, 3:09:35 PM [INFO]: Database connected
8/17/2023, 3:09:39 PM [INFO]: Database connected
8/17/2023, 3:09:43 PM [INFO]: Database connected
8/17/2023, 3:09:54 PM [INFO]: Database connected
8/17/2023, 3:10:02 PM [INFO]: Database connected
8/17/2023, 3:10:33 PM [INFO]: Database connected
8/17/2023, 3:23:00 PM [INFO]: Database connected
8/17/2023, 3:29:42 PM [INFO]: App is running on port 8080
8/17/2023, 3:43:16 PM [INFO]: App is running on port 8080
8/17/2023, 3:45:01 PM [INFO]: Database connected
8/17/2023, 3:45:32 PM [INFO]: App is running on port 8080
8/17/2023, 3:50:58 PM [INFO]: Database connected
8/18/2023, 10:28:04 AM [INFO]: Database connected
8/18/2023, 10:28:04 AM [INFO]: Database connected
8/18/2023, 10:28:04 AM [INFO]: Database connected
8/18/2023, 10:28:04 AM [INFO]: Database connected
8/18/2023, 10:57:24 AM [INFO]: Database connected
8/18/2023, 10:57:32 AM [INFO]: Database connected
8/18/2023, 11:05:14 AM [ERROR]: Error adding customers: Bind parameters must not contain undefined. To pass SQL NULL specify JS null
8/18/2023, 11:19:18 AM [INFO]: App is running on port 8080
8/18/2023, 11:21:28 AM [INFO]: App is running on port 8080
8/18/2023, 11:21:32 AM [INFO]: Database connected
8/18/2023, 11:21:32 AM [ERROR]: Error adding customers: Bind parameters must not contain undefined. To pass SQL NULL specify JS null
8/18/2023, 11:21:41 AM [INFO]: App is running on port 8080
8/18/2023, 11:22:46 AM [INFO]: App is running on port 8080
8/18/2023, 11:22:51 AM [INFO]: Database connected
8/18/2023, 11:22:51 AM [ERROR]: Error adding customers: Bind parameters must not contain undefined. To pass SQL NULL specify JS null
8/18/2023, 11:23:35 AM [INFO]: App is running on port 8080
8/18/2023, 11:24:03 AM [INFO]: Database connected
8/18/2023, 11:24:03 AM [ERROR]: Error adding customers: Bind parameters must not contain undefined. To pass SQL NULL specify JS null
8/18/2023, 11:27:37 AM [INFO]: App is running on port 8080
8/18/2023, 11:27:43 AM [INFO]: Database connected
8/18/2023, 11:27:43 AM [ERROR]: Error adding customers: Bind parameters must not contain undefined. To pass SQL NULL specify JS null
8/18/2023, 11:54:03 AM [INFO]: App is running on port 8080
8/18/2023, 11:54:07 AM [INFO]: Database connected
8/18/2023, 11:54:36 AM [INFO]: App is running on port 8080
8/18/2023, 11:54:39 AM [INFO]: Database connected
8/18/2023, 11:54:56 AM [INFO]: Database connected
8/18/2023, 12:29:44 PM [INFO]: Database connected
8/18/2023, 12:29:51 PM [INFO]: Database connected
8/18/2023, 12:29:52 PM [INFO]: Database connected
8/18/2023, 12:29:52 PM [INFO]: Database connected
8/18/2023, 12:29:52 PM [INFO]: Database connected
8/18/2023, 12:30:16 PM [INFO]: Database connected
8/18/2023, 12:30:16 PM [INFO]: Database connected
8/18/2023, 12:36:15 PM [INFO]: Database connected
8/18/2023, 12:42:16 PM [INFO]: App is running on port 8080
8/18/2023, 12:42:19 PM [INFO]: Database connected
8/18/2023, 12:42:19 PM [INFO]: Database connected
8/18/2023, 12:42:19 PM [INFO]: Database connected
8/18/2023, 1:27:43 PM [INFO]: App is running on port 8080
8/18/2023, 2:52:37 PM [INFO]: App is running on port 8080
8/18/2023, 2:54:04 PM [INFO]: App is running on port 8080
8/18/2023, 2:54:54 PM [INFO]: Database connected
8/18/2023, 2:54:54 PM [INFO]: Database connected
8/18/2023, 2:54:54 PM [INFO]: Database connected
8/18/2023, 2:54:54 PM [INFO]: Database connected
8/18/2023, 2:54:54 PM [INFO]: Database connected
8/18/2023, 3:22:07 PM [ERROR]: Error updating user: pool.connection is not a function
8/18/2023, 3:23:24 PM [ERROR]: Error updating user: pool.connection is not a function
8/18/2023, 3:24:10 PM [INFO]: App is running on port 8080
8/18/2023, 3:24:48 PM [INFO]: Database connected
8/18/2023, 3:25:06 PM [ERROR]: Error updating user: pool.connection is not a function
8/18/2023, 3:25:51 PM [INFO]: App is running on port 8080
8/18/2023, 3:26:00 PM [INFO]: Database connected
8/18/2023, 3:28:10 PM [INFO]: App is running on port 8080
8/18/2023, 3:28:20 PM [INFO]: Database connected
8/18/2023, 3:29:12 PM [INFO]: App is running on port 8080
8/18/2023, 3:29:16 PM [INFO]: App is running on port 8080
8/18/2023, 3:29:28 PM [INFO]: Database connected
8/18/2023, 3:30:17 PM [INFO]: App is running on port 8080
8/18/2023, 3:35:19 PM [INFO]: Database connected
8/18/2023, 6:23:37 PM [INFO]: App is running on port 8080
8/18/2023, 6:23:42 PM [INFO]: Database connected
8/18/2023, 6:27:21 PM [INFO]: App is running on port 8080
8/18/2023, 6:27:35 PM [INFO]: Database connected
8/18/2023, 6:27:45 PM [ERROR]: Error updating user: Incorrect arguments to mysqld_stmt_execute
8/18/2023, 6:28:21 PM [INFO]: App is running on port 8080
8/18/2023, 6:28:37 PM [INFO]: Database connected
8/18/2023, 6:28:45 PM [ERROR]: Error updating user: You have an error in your SQL syntax; check the manual that corresponds to your MariaDB server version for the right syntax to use near ' modified_at=?, modified_by = ? WHERE user_uuid=?' at line 1
8/18/2023, 6:29:29 PM [INFO]: App is running on port 8080
8/18/2023, 6:29:40 PM [INFO]: Database connected
8/21/2023, 10:19:08 AM [INFO]: App is running on port 8080
8/21/2023, 10:20:45 AM [INFO]: Database connected
8/21/2023, 10:20:45 AM [INFO]: Database connected
8/21/2023, 10:20:45 AM [INFO]: Database connected
8/21/2023, 10:20:45 AM [INFO]: Database connected
8/21/2023, 10:20:45 AM [INFO]: Database connected
